<?xml version="1.0" encoding="UTF-8"?>
<testng-results ignored="0" total="1" passed="1" failed="0" skipped="0">
  <reporter-output>
  </reporter-output>
  <suite started-at="2023-01-30T17:19:53 IST" name="Default suite" finished-at="2023-01-30T17:20:10 IST" duration-ms="16898">
    <groups>
    </groups>
    <test started-at="2023-01-30T17:19:53 IST" name="Default test" finished-at="2023-01-30T17:20:10 IST" duration-ms="16898">
      <class name="testscripts.FourthTest">
        <test-method is-config="true" signature="classSetUp()[pri:0, instance:testscripts.FourthTest@313ac989]" started-at="2023-01-30T17:19:53 IST" name="classSetUp" finished-at="2023-01-30T17:20:00 IST" duration-ms="7041" status="PASS">
          <reporter-output>
          </reporter-output>
        </test-method> <!-- classSetUp -->
        <test-method is-config="true" signature="methodSetup()[pri:0, instance:testscripts.FourthTest@313ac989]" started-at="2023-01-30T17:20:00 IST" name="methodSetup" finished-at="2023-01-30T17:20:02 IST" duration-ms="1477" status="PASS">
          <reporter-output>
          </reporter-output>
        </test-method> <!-- methodSetup -->
        <test-method signature="fourthTest()[pri:0, instance:testscripts.FourthTest@313ac989]" started-at="2023-01-30T17:20:02 IST" name="fourthTest" finished-at="2023-01-30T17:20:10 IST" duration-ms="8011" status="PASS">
          <reporter-output>
          </reporter-output>
        </test-method> <!-- fourthTest -->
        <test-method is-config="true" signature="methodTearDown()[pri:0, instance:testscripts.FourthTest@313ac989]" started-at="2023-01-30T17:20:10 IST" name="methodTearDown" finished-at="2023-01-30T17:20:10 IST" duration-ms="2" status="PASS">
          <reporter-output>
          </reporter-output>
        </test-method> <!-- methodTearDown -->
        <test-method is-config="true" signature="classTearDown()[pri:0, instance:testscripts.FourthTest@313ac989]" started-at="2023-01-30T17:20:10 IST" name="classTearDown" finished-at="2023-01-30T17:20:10 IST" duration-ms="298" status="PASS">
          <reporter-output>
          </reporter-output>
        </test-method> <!-- classTearDown -->
      </class> <!-- testscripts.FourthTest -->
    </test> <!-- Default test -->
  </suite> <!-- Default suite -->
</testng-results>
